<?xml version="1.0" encoding="UTF-8" ?>
<testsuite tests="15" failures="0" name="com.dpj.TestSpring" time="0.609" errors="0" skipped="0">
  <properties>
    <property name="java.runtime.name" value="Java(TM) SE Runtime Environment"/>
    <property name="sun.boot.library.path" value="D:\develop\Java\jdk-8\jre\bin"/>
    <property name="java.vm.version" value="25.162-b12"/>
    <property name="java.vm.vendor" value="Oracle Corporation"/>
    <property name="maven.multiModuleProjectDirectory" value="D:\develop\IdeaProject\Maven-Spring-Demo"/>
    <property name="java.vendor.url" value="http://java.oracle.com/"/>
    <property name="path.separator" value=";"/>
    <property name="guice.disable.misplaced.annotation.check" value="true"/>
    <property name="java.vm.name" value="Java HotSpot(TM) 64-Bit Server VM"/>
    <property name="file.encoding.pkg" value="sun.io"/>
    <property name="user.script" value=""/>
    <property name="user.country" value="CN"/>
    <property name="sun.java.launcher" value="SUN_STANDARD"/>
    <property name="sun.os.patch.level" value=""/>
    <property name="java.vm.specification.name" value="Java Virtual Machine Specification"/>
    <property name="user.dir" value="D:\develop\IdeaProject\Maven-Spring-Demo"/>
    <property name="java.runtime.version" value="1.8.0_162-b12"/>
    <property name="java.awt.graphicsenv" value="sun.awt.Win32GraphicsEnvironment"/>
    <property name="java.endorsed.dirs" value="D:\develop\Java\jdk-8\jre\lib\endorsed"/>
    <property name="os.arch" value="amd64"/>
    <property name="java.io.tmpdir" value="C:\Users\DPJ\AppData\Local\Temp\"/>
    <property name="line.separator" value="
"/>
    <property name="java.vm.specification.vendor" value="Oracle Corporation"/>
    <property name="user.variant" value=""/>
    <property name="os.name" value="Windows 10"/>
    <property name="classworlds.conf" value="D:\develop\maven\apache-maven-3.8.1-bin\apache-maven-3.8.1\bin\..\bin\m2.conf"/>
    <property name="sun.jnu.encoding" value="GBK"/>
    <property name="java.library.path" value="D:\develop\Java\jdk-8\bin;C:\Windows\Sun\Java\bin;C:\Windows\system32;C:\Windows;C:\Windows\system32;C:\Windows;C:\Windows\System32\Wbem;C:\Windows\System32\WindowsPowerShell\v1.0\;C:\Windows\System32\OpenSSH\;C:\Program Files\MySQL\MySQL Server 5.5\bin;D:\develop\MySql\MySQL Server 5.5_server\bin;D:\develop\Java\jdk-8\bin;D:\develop\itheimasoftware\mysql-5.7.25-winx64\bin;D:\develop\maven\apache-maven-3.8.1-bin\apache-maven-3.8.1\bin;C:\Users\DPJ\AppData\Local\Microsoft\WindowsApps;D:\develop\Microsoft VS Code\bin;."/>
    <property name="maven.conf" value="D:\develop\maven\apache-maven-3.8.1-bin\apache-maven-3.8.1\bin\../conf"/>
    <property name="java.specification.name" value="Java Platform API Specification"/>
    <property name="java.class.version" value="52.0"/>
    <property name="sun.management.compiler" value="HotSpot 64-Bit Tiered Compilers"/>
    <property name="os.version" value="10.0"/>
    <property name="library.jansi.path" value="D:\develop\maven\apache-maven-3.8.1-bin\apache-maven-3.8.1\bin\..\lib\jansi-native"/>
    <property name="user.home" value="C:\Users\DPJ"/>
    <property name="user.timezone" value="Asia/Shanghai"/>
    <property name="java.awt.printerjob" value="sun.awt.windows.WPrinterJob"/>
    <property name="java.specification.version" value="1.8"/>
    <property name="file.encoding" value="GBK"/>
    <property name="user.name" value="DPJ"/>
    <property name="java.class.path" value="D:\develop\maven\apache-maven-3.8.1-bin\apache-maven-3.8.1\bin\..\boot\plexus-classworlds-2.6.0.jar"/>
    <property name="java.vm.specification.version" value="1.8"/>
    <property name="sun.arch.data.model" value="64"/>
    <property name="java.home" value="D:\develop\Java\jdk-8\jre"/>
    <property name="sun.java.command" value="org.codehaus.plexus.classworlds.launcher.Launcher clean install"/>
    <property name="java.specification.vendor" value="Oracle Corporation"/>
    <property name="user.language" value="zh"/>
    <property name="awt.toolkit" value="sun.awt.windows.WToolkit"/>
    <property name="java.vm.info" value="mixed mode"/>
    <property name="java.version" value="1.8.0_162"/>
    <property name="java.ext.dirs" value="D:\develop\Java\jdk-8\jre\lib\ext;C:\Windows\Sun\Java\lib\ext"/>
    <property name="sun.boot.class.path" value="D:\develop\Java\jdk-8\jre\lib\resources.jar;D:\develop\Java\jdk-8\jre\lib\rt.jar;D:\develop\Java\jdk-8\jre\lib\sunrsasign.jar;D:\develop\Java\jdk-8\jre\lib\jsse.jar;D:\develop\Java\jdk-8\jre\lib\jce.jar;D:\develop\Java\jdk-8\jre\lib\charsets.jar;D:\develop\Java\jdk-8\jre\lib\jfr.jar;D:\develop\Java\jdk-8\jre\classes"/>
    <property name="sun.stderr.encoding" value="ms936"/>
    <property name="java.vendor" value="Oracle Corporation"/>
    <property name="maven.home" value="D:\develop\maven\apache-maven-3.8.1-bin\apache-maven-3.8.1\bin\.."/>
    <property name="file.separator" value="\"/>
    <property name="java.vendor.url.bug" value="http://bugreport.sun.com/bugreport/"/>
    <property name="sun.cpu.endian" value="little"/>
    <property name="sun.io.unicode.encoding" value="UnicodeLittle"/>
    <property name="sun.stdout.encoding" value="ms936"/>
    <property name="sun.desktop" value="windows"/>
    <property name="sun.cpu.isalist" value="amd64"/>
  </properties>
  <testcase classname="com.dpj.TestSpring" name="com.dpj.TestSpring.test02" time="0.326"/>
  <testcase classname="com.dpj.TestSpring" name="com.dpj.TestSpring.test15" time="0.027"/>
  <testcase classname="com.dpj.TestSpring" name="com.dpj.TestSpring.test01" time="0.021"/>
  <testcase classname="com.dpj.TestSpring" name="com.dpj.TestSpring.test10" time="0.029"/>
  <testcase classname="com.dpj.TestSpring" name="com.dpj.TestSpring.test11" time="0.023"/>
  <testcase classname="com.dpj.TestSpring" name="com.dpj.TestSpring.test06" time="0.017"/>
  <testcase classname="com.dpj.TestSpring" name="com.dpj.TestSpring.test07" time="0.017"/>
  <testcase classname="com.dpj.TestSpring" name="com.dpj.TestSpring.test13" time="0.019"/>
  <testcase classname="com.dpj.TestSpring" name="com.dpj.TestSpring.test19" time="0.024"/>
  <testcase classname="com.dpj.TestSpring" name="com.dpj.TestSpring.test14" time="0.015"/>
  <testcase classname="com.dpj.TestSpring" name="com.dpj.TestSpring.test09" time="0.018"/>
  <testcase classname="com.dpj.TestSpring" name="com.dpj.TestSpring.test04" time="0.017"/>
  <testcase classname="com.dpj.TestSpring" name="com.dpj.TestSpring.test12" time="0.02"/>
  <testcase classname="com.dpj.TestSpring" name="com.dpj.TestSpring.test03" time="0.015"/>
  <testcase classname="com.dpj.TestSpring" name="com.dpj.TestSpring.test18" time="0.021"/>
</testsuite>